=== A. Schema presence ===
       object        | rows 
---------------------+------
 steward_actions     |    0
 retry_guidance_text |    5
 pipeline_breakers   |    0
(3 rows)


=== B. work_items new columns ===
      column_name       |        data_type         
------------------------+--------------------------
 failure_count          | integer
 last_failure_diagnosis | text
 last_failure_reason    | text
 quarantine_reason      | text
 quarantined_at         | timestamp with time zone
(5 rows)


=== C. diagnose_failure: timeout patterns ===
    Expected: timeout for all
   r1    |   r2    |   r3    |   r4    
---------+---------+---------+---------
 timeout | timeout | timeout | timeout
(1 row)


=== D. diagnose_failure: transient patterns ===
    Expected: transient for all
    r1     |    r2     |    r3     |    r4     |    r5     
-----------+-----------+-----------+-----------+-----------
 transient | transient | transient | transient | transient
(1 row)


=== E. diagnose_failure: tool_error patterns ===
    Expected: tool_error for all
     r1     |     r2     |     r3     
------------+------------+------------
 tool_error | tool_error | tool_error
(1 row)


=== F. diagnose_failure: model_limit fallback ===
    Expected: model_limit when failure_count >= 2 and no pattern match
 r1_model_limit | r2_unknown | r3_model_limit_no_reason | r4_unknown_empty 
----------------+------------+--------------------------+------------------
 model_limit    | unknown    | model_limit              | unknown
(1 row)


=== G. retry_guidance: each diagnosis returns text with attempt substituted ===
  diagnosis  | chars |                                     preview                                      
-------------+-------+----------------------------------------------------------------------------------
 model_limit |   335 | **Steward retry context (attempt 3):** Previous attempts failed despite reasonab
 timeout     |   237 | **Steward retry context (attempt 3):** Previous attempt timed out. Break the wor
 tool_error  |   321 | **Steward retry context (attempt 3):** Previous attempt failed with a tool error
 transient   |   204 | **Steward retry context (attempt 3):** Previous attempt failed with a transient 
 unknown     |   207 | **Steward retry context (attempt 3):** Previous attempt failed but the failure r
(5 rows)


=== H. retry_guidance: attempt substitution ===
    Expected: text contains "(attempt 7)"
 substitution_works 
--------------------
 t
(1 row)


=== I. retry_guidance: unknown diagnosis returns NULL ===
 returns_null 
--------------
 t
(1 row)


=== J. breaker_check on fresh state: lazy-creates closed breaker ===
 allowed_first_call 
--------------------
 t
(1 row)

 state  | failure_count 
--------+---------------
 closed |             0
(1 row)


=== K. breaker_record_failure x4: stays closed (threshold=5) ===
 breaker_record_failure 
------------------------
 
(1 row)

 breaker_record_failure 
------------------------
 
(1 row)

 breaker_record_failure 
------------------------
 
(1 row)

 breaker_record_failure 
------------------------
 
(1 row)

 state  | failure_count 
--------+---------------
 closed |             4
(1 row)


=== L. 5th failure trips breaker open ===
 breaker_record_failure 
------------------------
 
(1 row)

 state | failure_count | has_opened_at 
-------+---------------+---------------
 open  |             5 | t
(1 row)


=== M. breaker_check returns false while open + within cooldown ===
 allowed_during_cooldown 
-------------------------
 f
(1 row)


=== N. breaker_record_success closes the breaker ===
 breaker_record_success 
------------------------
 
(1 row)

 state  | failure_count 
--------+---------------
 closed |             0
(1 row)


=== O. steward_tick on empty queue returns 0 ===
 actions_taken 
---------------
             0
(1 row)


=== P. work_items_steward_status view exists and queryable ===
      column_name       
------------------------
 work_item_id
 slug
 pipeline_family
 current_stage
 status
 failure_count
 last_failure_diagnosis
 escalation_state
 quarantined_at
 quarantine_reason
 cost_micro_dollars
 cost_cap_micro
 cost_capped_at
 last_action_at
 last_observation
 last_action
 last_model_used
 last_action_diagnosis
(18 rows)


=== Q. Cleanup test breaker ===
DELETE 1

=== Phase 4a-steward smoke test complete ===
